<?xml version="1.0" encoding="UTF-8" ?>
<testsuite failures="0" time="0" errors="0" skipped="0" tests="1" name="com.infy.sats.AppTest">
  <properties>
    <property name="java.runtime.name" value="Java(TM) SE Runtime Environment"/>
    <property name="sun.boot.library.path" value="c:\Program Files\Java\jdk1.7.0_51\jre\bin"/>
    <property name="java.vm.version" value="24.51-b03"/>
    <property name="java.vm.vendor" value="Oracle Corporation"/>
    <property name="maven.multiModuleProjectDirectory" value="D:\DevArea\JavaWork\maven\HelloWorld"/>
    <property name="maven.javadoc.skip" value="true"/>
    <property name="java.vendor.url" value="http://java.oracle.com/"/>
    <property name="path.separator" value=";"/>
    <property name="guice.disable.misplaced.annotation.check" value="true"/>
    <property name="java.vm.name" value="Java HotSpot(TM) Client VM"/>
    <property name="file.encoding.pkg" value="sun.io"/>
    <property name="user.script" value=""/>
    <property name="user.country" value="US"/>
    <property name="sun.java.launcher" value="SUN_STANDARD"/>
    <property name="sun.os.patch.level" value=""/>
    <property name="java.vm.specification.name" value="Java Virtual Machine Specification"/>
    <property name="user.dir" value="D:\DevArea\JavaWork\maven\HelloWorld"/>
    <property name="java.runtime.version" value="1.7.0_51-b13"/>
    <property name="java.awt.graphicsenv" value="sun.awt.Win32GraphicsEnvironment"/>
    <property name="java.endorsed.dirs" value="c:\Program Files\Java\jdk1.7.0_51\jre\lib\endorsed"/>
    <property name="os.arch" value="x86"/>
    <property name="java.io.tmpdir" value="C:\Users\SATHIS~1\AppData\Local\Temp\"/>
    <property name="line.separator" value="
"/>
    <property name="java.vm.specification.vendor" value="Oracle Corporation"/>
    <property name="user.variant" value=""/>
    <property name="os.name" value="Windows 8"/>
    <property name="classworlds.conf" value="D:\Maven\bin\m2.conf"/>
    <property name="sun.jnu.encoding" value="Cp1252"/>
    <property name="java.library.path" value="c:\Program Files\Java\jdk1.7.0_51\bin;C:\windows\Sun\Java\bin;C:\windows\system32;C:\windows;D:\DevArea\R-3.2.2\bin;D:\DevArea\php;C:\Program Files\PHP\v5.6;D:\Curl;D:\Maven\bin;D:\DTP\D21\Jacob\jacobBin_17\jacob.jar;C:\Program Files\Java\jdk1.7.0_51\bin;D:\DevArea\gradle-2.1\bin;D:\DevArea\gradle-2.1\bin;C:\Program Files\Common Files\NetSarang;D:\Program Files\IBM\WebSphere MQ\java\bin;D:\glassfish4\bin;D:\glassfish4\glassfish\bin;C:\Program Files\CA\Single Sign-On\Client\bin\putty.exe;D:\ANT\bin;C:\Program Files\Java\jdk1.6.0_27\bin;C:\Program Files\Java\jdk1.7.0_25\bin;C:\Program Files\CA\Single Sign-On\Client\bin\;D:\app\product\11.1.0\client_1\bin;C:\Program Files\Java\jdk1.6.0_30\bin;D:\apache-maven-3.1.0\bin;C:\windows\system32;C:\windows;C:\windows\System32\Wbem;C:\windows\System32\WindowsPowerShell\v1.0\;C:\Program Files\Windows Live\Shared;C:\Program Files\Common Files\MicroStrategy\JRE\170_51\Win32\;C:\Program Files\Microsoft\Web Platform Installer\;C:\Program Files\Microsoft ASP.NET\ASP.NET Web Pages\v1.0\;C:\Program Files\Microsoft SQL Server\110\Tools\Binn\;C:\Program Files\Git\cmd;C:\Program Files\;D:\Program Files\nodejs\;D:\DevArea\Android\sdk\platform-tools;D:\DevArea\Android\sdk\tools;C:\Users\sathish_krishnan\AppData\Roaming\npm;C:\Users\sathish_krishnan\AppData\Local\atom\bin;."/>
    <property name="java.specification.name" value="Java Platform API Specification"/>
    <property name="java.class.version" value="51.0"/>
    <property name="sun.management.compiler" value="HotSpot Client Compiler"/>
    <property name="os.version" value="6.2"/>
    <property name="user.home" value="C:\Users\sathish_krishnan"/>
    <property name="user.timezone" value="Asia/Calcutta"/>
    <property name="java.awt.printerjob" value="sun.awt.windows.WPrinterJob"/>
    <property name="java.specification.version" value="1.7"/>
    <property name="file.encoding" value="Cp1252"/>
    <property name="password" value="sweety143"/>
    <property name="user.name" value="Sathish_Krishnan"/>
    <property name="java.class.path" value="D:\Maven\boot\plexus-classworlds-2.5.2.jar"/>
    <property name="username" value="sathishkr"/>
    <property name="java.vm.specification.version" value="1.7"/>
    <property name="sun.arch.data.model" value="32"/>
    <property name="java.home" value="c:\Program Files\Java\jdk1.7.0_51\jre"/>
    <property name="sun.java.command" value="org.codehaus.plexus.classworlds.launcher.Launcher release:perform -Dmaven.javadoc.skip=true verify -Dusername=sathishkr -Dpassword=sweety143 -Darguments=-Dmaven.javadoc.failOnError=false"/>
    <property name="arguments" value="-Dmaven.javadoc.failOnError=false"/>
    <property name="java.specification.vendor" value="Oracle Corporation"/>
    <property name="user.language" value="en"/>
    <property name="awt.toolkit" value="sun.awt.windows.WToolkit"/>
    <property name="java.vm.info" value="mixed mode, sharing"/>
    <property name="java.version" value="1.7.0_51"/>
    <property name="java.ext.dirs" value="c:\Program Files\Java\jdk1.7.0_51\jre\lib\ext;C:\windows\Sun\Java\lib\ext"/>
    <property name="sun.boot.class.path" value="c:\Program Files\Java\jdk1.7.0_51\jre\lib\resources.jar;c:\Program Files\Java\jdk1.7.0_51\jre\lib\rt.jar;c:\Program Files\Java\jdk1.7.0_51\jre\lib\sunrsasign.jar;c:\Program Files\Java\jdk1.7.0_51\jre\lib\jsse.jar;c:\Program Files\Java\jdk1.7.0_51\jre\lib\jce.jar;c:\Program Files\Java\jdk1.7.0_51\jre\lib\charsets.jar;c:\Program Files\Java\jdk1.7.0_51\jre\lib\jfr.jar;c:\Program Files\Java\jdk1.7.0_51\jre\classes"/>
    <property name="java.vendor" value="Oracle Corporation"/>
    <property name="maven.home" value="D:\Maven"/>
    <property name="file.separator" value="\"/>
    <property name="java.vendor.url.bug" value="http://bugreport.sun.com/bugreport/"/>
    <property name="sun.cpu.endian" value="little"/>
    <property name="sun.io.unicode.encoding" value="UnicodeLittle"/>
    <property name="sun.desktop" value="windows"/>
    <property name="sun.cpu.isalist" value="pentium_pro+mmx pentium_pro pentium+mmx pentium i486 i386 i86"/>
  </properties>
  <testcase time="0" classname="com.infy.sats.AppTest" name="testApp"/>
</testsuite>